[2025-01-02 17:54:10,863: INFO:main: welcome home]
[2025-01-03 06:30:48,115: INFO:common: yaml file: config\config.yaml loaded successfully]
[2025-01-03 06:30:48,116: INFO:common: yaml file: params.yaml loaded successfully]
[2025-01-03 06:30:48,117: INFO:common: yaml file: schema.yaml loaded successfully]
[2025-01-03 06:30:48,119: INFO:common: created directory at: artifacts]
[2025-01-03 06:37:37,759: INFO:common: yaml file: config\config.yaml loaded successfully]
[2025-01-03 06:37:37,761: INFO:common: yaml file: params.yaml loaded successfully]
[2025-01-03 06:37:37,762: INFO:common: yaml file: schema.yaml loaded successfully]
[2025-01-03 06:37:37,763: INFO:common: created directory at: artifacts]
[2025-01-03 06:37:37,764: INFO:common: created directory at: artifacts/data_ingestion]
[2025-01-03 06:37:38,510: INFO:1062554194: artifacts/data_ingestion/data.zip download ! with the following info: 
Content-Type: text/html; charset=utf-8
X-Robots-Tag: noindex, nofollow, nosnippet
Cache-Control: no-cache, no-store, max-age=0, must-revalidate
Pragma: no-cache
Expires: Mon, 01 Jan 1990 00:00:00 GMT
Date: Fri, 03 Jan 2025 12:37:37 GMT
P3P: CP="This is not a P3P policy! See g.co/p3phelp for more info."
Content-Security-Policy: require-trusted-types-for 'script';report-uri https://csp.withgoogle.com/csp/docs-tt
Referrer-Policy: origin
X-Content-Type-Options: nosniff
X-Frame-Options: SAMEORIGIN
X-XSS-Protection: 1; mode=block
Server: GSE
Set-Cookie: NID=520=Kctvc85vo_usHjzN1IVTrRkIU3_aPipKQgu1KBhH48XyZjx7rkAZz-TxxIVW8-vSeW64aSaV9_N5ArbbJRCom4eRjxwZJJmFXnHocYRdWyfDkzznPKmPAeLtxEUTgJTssfNsPkq3M04KjgQfZ4aqhxWo1i1FAgGkkpr2aaRcKWoWVlB9WynLMDGd; expires=Sat, 05-Jul-2025 12:37:36 GMT; path=/; domain=.google.com; HttpOnly
Alt-Svc: h3=":443"; ma=2592000,h3-29=":443"; ma=2592000
Accept-Ranges: none
Vary: Sec-Fetch-Dest, Sec-Fetch-Mode, Sec-Fetch-Site,Accept-Encoding
Connection: close
Transfer-Encoding: chunked

]
[2025-01-03 06:58:27,678: INFO:common: yaml file: config\config.yaml loaded successfully]
[2025-01-03 06:58:27,681: INFO:common: yaml file: params.yaml loaded successfully]
[2025-01-03 06:58:27,684: INFO:common: yaml file: schema.yaml loaded successfully]
[2025-01-03 06:58:27,686: INFO:common: created directory at: artifacts]
[2025-01-03 06:58:27,687: INFO:common: created directory at: artifacts/data_ingestion]
[2025-01-03 06:58:27,688: INFO:2800078568: Downloading data from https://drive.google.com/file/d/1cEAi27z0Fd0GlbZ6esrsxXJbe95glDaI/view?usp=sharing into file artifacts/data_ingestion/data.zip]
[2025-01-03 06:58:31,355: INFO:2800078568: Downloaded data from https://drive.google.com/file/d/1cEAi27z0Fd0GlbZ6esrsxXJbe95glDaI/view?usp=sharing into file artifacts/data_ingestion/data.zip]
[2025-01-03 07:15:16,887: INFO:common: yaml file: config\config.yaml loaded successfully]
[2025-01-03 07:15:16,889: INFO:common: yaml file: params.yaml loaded successfully]
[2025-01-03 07:15:16,890: INFO:common: yaml file: schema.yaml loaded successfully]
[2025-01-03 07:15:16,891: INFO:common: created directory at: artifacts]
[2025-01-03 07:15:16,892: INFO:common: created directory at: artifacts/data_ingestion]
[2025-01-03 07:15:16,893: INFO:2800078568: Downloading data from https://drive.google.com/file/d/1cEAi27z0Fd0GlbZ6esrsxXJbe95glDaI/view?usp=sharing into file artifacts/data_ingestion/data.zip]
[2025-01-03 07:15:20,925: INFO:2800078568: Downloaded data from https://drive.google.com/file/d/1cEAi27z0Fd0GlbZ6esrsxXJbe95glDaI/view?usp=sharing into file artifacts/data_ingestion/data.zip]
[2025-01-03 07:29:24,194: INFO:main: >>>>> stage Data Ingestion stage started <<<<<]
[2025-01-03 07:29:24,197: INFO:common: yaml file: config\config.yaml loaded successfully]
[2025-01-03 07:29:24,198: INFO:common: yaml file: params.yaml loaded successfully]
[2025-01-03 07:29:24,198: INFO:common: yaml file: schema.yaml loaded successfully]
[2025-01-03 07:29:24,199: INFO:common: created directory at: artifacts]
[2025-01-03 07:29:24,199: INFO:common: created directory at: artifacts/data_ingestion]
[2025-01-03 07:29:24,199: INFO:data_ingestion: Downloading data from https://drive.google.com/file/d/1cEAi27z0Fd0GlbZ6esrsxXJbe95glDaI/view?usp=sharing into file artifacts/data_ingestion/data.zip]
[2025-01-03 07:29:28,113: INFO:data_ingestion: Downloaded data from https://drive.google.com/file/d/1cEAi27z0Fd0GlbZ6esrsxXJbe95glDaI/view?usp=sharing into file artifacts/data_ingestion/data.zip]
[2025-01-03 07:29:28,133: INFO:main: >>>>> stage Data Ingestion stage completed <<<<< 

 x==========x]
[2025-01-04 12:25:25,015: INFO:common: yaml file: config\config.yaml loaded successfully]
[2025-01-04 12:25:25,018: INFO:common: yaml file: params.yaml loaded successfully]
[2025-01-04 12:25:25,021: INFO:common: yaml file: schema.yaml loaded successfully]
[2025-01-04 12:25:25,021: INFO:common: created directory at: artifacts]
[2025-01-04 12:25:25,022: INFO:common: created directory at: artifacts/data_validation]
[2025-01-04 12:25:53,556: INFO:common: yaml file: config\config.yaml loaded successfully]
[2025-01-04 12:25:53,557: INFO:common: yaml file: params.yaml loaded successfully]
[2025-01-04 12:25:53,560: INFO:common: yaml file: schema.yaml loaded successfully]
[2025-01-04 12:25:53,561: INFO:common: created directory at: artifacts]
[2025-01-04 12:25:53,562: INFO:common: created directory at: artifacts/data_validation]
[2025-01-04 12:26:02,593: INFO:common: yaml file: config\config.yaml loaded successfully]
[2025-01-04 12:26:02,594: INFO:common: yaml file: params.yaml loaded successfully]
[2025-01-04 12:26:02,597: INFO:common: yaml file: schema.yaml loaded successfully]
[2025-01-04 12:26:02,598: INFO:common: created directory at: artifacts]
[2025-01-04 12:26:02,600: INFO:common: created directory at: artifacts/data_validation]
[2025-01-04 12:39:19,027: INFO:common: yaml file: config\config.yaml loaded successfully]
[2025-01-04 12:39:19,028: INFO:common: yaml file: params.yaml loaded successfully]
[2025-01-04 12:39:19,031: INFO:common: yaml file: schema.yaml loaded successfully]
[2025-01-04 12:39:19,032: INFO:common: created directory at: artifacts]
[2025-01-04 12:39:19,032: INFO:common: created directory at: artifacts/data_validation]
[2025-01-04 12:41:44,900: INFO:common: yaml file: config\config.yaml loaded successfully]
[2025-01-04 12:41:44,902: INFO:common: yaml file: params.yaml loaded successfully]
[2025-01-04 12:41:44,904: INFO:common: yaml file: schema.yaml loaded successfully]
[2025-01-04 12:41:44,905: INFO:common: created directory at: artifacts]
[2025-01-04 12:41:44,907: INFO:common: created directory at: artifacts/data_validation]
[2025-01-04 12:44:46,986: INFO:common: yaml file: config\config.yaml loaded successfully]
[2025-01-04 12:44:46,987: INFO:common: yaml file: params.yaml loaded successfully]
[2025-01-04 12:44:46,990: INFO:common: yaml file: schema.yaml loaded successfully]
[2025-01-04 12:44:46,991: INFO:common: created directory at: artifacts]
[2025-01-04 12:44:46,992: INFO:common: created directory at: artifacts/data_validation]
[2025-01-04 12:45:05,129: INFO:common: yaml file: config\config.yaml loaded successfully]
[2025-01-04 12:45:05,131: INFO:common: yaml file: params.yaml loaded successfully]
[2025-01-04 12:45:05,134: INFO:common: yaml file: schema.yaml loaded successfully]
[2025-01-04 12:45:05,135: INFO:common: created directory at: artifacts]
[2025-01-04 12:45:05,137: INFO:common: created directory at: artifacts/data_validation]
[2025-01-04 12:45:53,466: INFO:common: yaml file: config\config.yaml loaded successfully]
[2025-01-04 12:45:53,468: INFO:common: yaml file: params.yaml loaded successfully]
[2025-01-04 12:45:53,470: INFO:common: yaml file: schema.yaml loaded successfully]
[2025-01-04 12:45:53,471: INFO:common: created directory at: artifacts]
[2025-01-04 12:45:53,472: INFO:common: created directory at: artifacts/data_validation]
[2025-01-04 12:46:30,004: INFO:common: yaml file: config\config.yaml loaded successfully]
[2025-01-04 12:46:30,005: INFO:common: yaml file: params.yaml loaded successfully]
[2025-01-04 12:46:30,008: INFO:common: yaml file: schema.yaml loaded successfully]
[2025-01-04 12:46:30,009: INFO:common: created directory at: artifacts]
[2025-01-04 12:46:30,009: INFO:common: created directory at: artifacts/data_validation]
[2025-01-04 12:46:55,105: INFO:common: yaml file: config\config.yaml loaded successfully]
[2025-01-04 12:46:55,107: INFO:common: yaml file: params.yaml loaded successfully]
[2025-01-04 12:46:55,109: INFO:common: yaml file: schema.yaml loaded successfully]
[2025-01-04 12:46:55,110: INFO:common: created directory at: artifacts]
[2025-01-04 12:46:55,111: INFO:common: created directory at: artifacts/data_validation]
[2025-01-04 12:47:05,328: INFO:common: yaml file: config\config.yaml loaded successfully]
[2025-01-04 12:47:05,329: INFO:common: yaml file: params.yaml loaded successfully]
[2025-01-04 12:47:05,332: INFO:common: yaml file: schema.yaml loaded successfully]
[2025-01-04 12:47:05,333: INFO:common: created directory at: artifacts]
[2025-01-04 12:47:05,334: INFO:common: created directory at: artifacts/data_validation]
[2025-01-04 12:47:16,564: INFO:common: yaml file: config\config.yaml loaded successfully]
[2025-01-04 12:47:16,565: INFO:common: yaml file: params.yaml loaded successfully]
[2025-01-04 12:47:16,568: INFO:common: yaml file: schema.yaml loaded successfully]
[2025-01-04 12:47:16,569: INFO:common: created directory at: artifacts]
[2025-01-04 12:47:16,570: INFO:common: created directory at: artifacts/data_validation]
[2025-01-04 13:48:43,725: INFO:main: >>>>> stage Data Ingestion stage started <<<<<]
[2025-01-04 13:48:43,727: INFO:common: yaml file: config\config.yaml loaded successfully]
[2025-01-04 13:48:43,730: INFO:common: yaml file: params.yaml loaded successfully]
[2025-01-04 13:48:43,732: INFO:common: yaml file: schema.yaml loaded successfully]
[2025-01-04 13:48:43,732: INFO:common: created directory at: artifacts]
[2025-01-04 13:48:43,733: INFO:common: created directory at: artifacts/data_ingestion]
[2025-01-04 13:48:43,733: INFO:data_ingestion: Downloading data from https://drive.google.com/file/d/1cEAi27z0Fd0GlbZ6esrsxXJbe95glDaI/view?usp=sharing into file artifacts/data_ingestion/data.zip]
[2025-01-04 13:48:47,376: INFO:data_ingestion: Downloaded data from https://drive.google.com/file/d/1cEAi27z0Fd0GlbZ6esrsxXJbe95glDaI/view?usp=sharing into file artifacts/data_ingestion/data.zip]
[2025-01-04 13:48:47,393: INFO:main: >>>>> stage Data Ingestion stage completed <<<<< 

 x==========x]
[2025-01-04 13:48:47,393: INFO:main: >>>>> stage Data Validation stage started <<<<<]
[2025-01-04 13:48:47,393: ERROR:main: DataValidationTrainingPipeline.main() takes 0 positional arguments but 1 was given]
Traceback (most recent call last):
  File "D:\pythonProjects\MLflow_ML_project\main.py", line 19, in <module>
    obj.main()
TypeError: DataValidationTrainingPipeline.main() takes 0 positional arguments but 1 was given
[2025-01-04 13:51:04,743: INFO:main: >>>>> stage Data Ingestion stage started <<<<<]
[2025-01-04 13:51:04,747: INFO:common: yaml file: config\config.yaml loaded successfully]
[2025-01-04 13:51:04,750: INFO:common: yaml file: params.yaml loaded successfully]
[2025-01-04 13:51:04,755: INFO:common: yaml file: schema.yaml loaded successfully]
[2025-01-04 13:51:04,756: INFO:common: created directory at: artifacts]
[2025-01-04 13:51:04,756: INFO:common: created directory at: artifacts/data_ingestion]
[2025-01-04 13:51:04,757: INFO:data_ingestion: Downloading data from https://drive.google.com/file/d/1cEAi27z0Fd0GlbZ6esrsxXJbe95glDaI/view?usp=sharing into file artifacts/data_ingestion/data.zip]
[2025-01-04 13:51:08,434: INFO:data_ingestion: Downloaded data from https://drive.google.com/file/d/1cEAi27z0Fd0GlbZ6esrsxXJbe95glDaI/view?usp=sharing into file artifacts/data_ingestion/data.zip]
[2025-01-04 13:51:08,461: INFO:main: >>>>> stage Data Ingestion stage completed <<<<< 

 x==========x]
[2025-01-04 13:51:08,461: INFO:main: >>>>> stage Data Validation stage started <<<<<]
[2025-01-04 13:51:08,462: ERROR:main: DataValidationTrainingPipeline.main() takes 0 positional arguments but 1 was given]
Traceback (most recent call last):
  File "D:\pythonProjects\MLflow_ML_project\main.py", line 19, in <module>
    obj.main()
TypeError: DataValidationTrainingPipeline.main() takes 0 positional arguments but 1 was given
[2025-01-04 13:52:49,181: INFO:main: >>>>> stage Data Ingestion stage started <<<<<]
[2025-01-04 13:52:49,183: INFO:common: yaml file: config\config.yaml loaded successfully]
[2025-01-04 13:52:49,184: INFO:common: yaml file: params.yaml loaded successfully]
[2025-01-04 13:52:49,186: INFO:common: yaml file: schema.yaml loaded successfully]
[2025-01-04 13:52:49,187: INFO:common: created directory at: artifacts]
[2025-01-04 13:52:49,187: INFO:common: created directory at: artifacts/data_ingestion]
[2025-01-04 13:52:49,188: INFO:data_ingestion: Downloading data from https://drive.google.com/file/d/1cEAi27z0Fd0GlbZ6esrsxXJbe95glDaI/view?usp=sharing into file artifacts/data_ingestion/data.zip]
[2025-01-04 13:52:52,833: INFO:data_ingestion: Downloaded data from https://drive.google.com/file/d/1cEAi27z0Fd0GlbZ6esrsxXJbe95glDaI/view?usp=sharing into file artifacts/data_ingestion/data.zip]
[2025-01-04 13:52:52,851: INFO:main: >>>>> stage Data Ingestion stage completed <<<<< 

 x==========x]
[2025-01-04 13:52:52,852: INFO:main: >>>>> stage Data Validation stage started <<<<<]
[2025-01-04 13:52:52,852: ERROR:main: DataValidationTrainingPipeline.main() takes 0 positional arguments but 1 was given]
Traceback (most recent call last):
  File "D:\pythonProjects\MLflow_ML_project\main.py", line 20, in <module>
    data_validation.main()
TypeError: DataValidationTrainingPipeline.main() takes 0 positional arguments but 1 was given
[2025-01-04 13:55:17,096: INFO:main: >>>>> stage Data Ingestion stage started <<<<<]
[2025-01-04 13:55:17,098: INFO:common: yaml file: config\config.yaml loaded successfully]
[2025-01-04 13:55:17,099: INFO:common: yaml file: params.yaml loaded successfully]
[2025-01-04 13:55:17,100: INFO:common: yaml file: schema.yaml loaded successfully]
[2025-01-04 13:55:17,101: INFO:common: created directory at: artifacts]
[2025-01-04 13:55:17,101: INFO:common: created directory at: artifacts/data_ingestion]
[2025-01-04 13:55:17,102: INFO:data_ingestion: Downloading data from https://drive.google.com/file/d/1cEAi27z0Fd0GlbZ6esrsxXJbe95glDaI/view?usp=sharing into file artifacts/data_ingestion/data.zip]
[2025-01-04 13:55:20,849: INFO:data_ingestion: Downloaded data from https://drive.google.com/file/d/1cEAi27z0Fd0GlbZ6esrsxXJbe95glDaI/view?usp=sharing into file artifacts/data_ingestion/data.zip]
[2025-01-04 13:55:20,873: INFO:main: >>>>> stage Data Ingestion stage completed <<<<< 

 x==========x]
[2025-01-04 13:55:20,873: INFO:main: >>>>> stage Data Validation stage started <<<<<]
[2025-01-04 13:55:20,877: INFO:common: yaml file: config\config.yaml loaded successfully]
[2025-01-04 13:55:20,878: INFO:common: yaml file: params.yaml loaded successfully]
[2025-01-04 13:55:20,880: INFO:common: yaml file: schema.yaml loaded successfully]
[2025-01-04 13:55:20,881: INFO:common: created directory at: artifacts]
[2025-01-04 13:55:20,881: INFO:common: created directory at: artifacts/data_validation]
[2025-01-04 13:55:20,917: INFO:main: >>>>> stage Data Validation stage completed <<<<<

 x==========x]
[2025-01-04 13:59:11,255: INFO:main: >>>>> stage Data Ingestion stage started <<<<<]
[2025-01-04 13:59:11,256: INFO:common: yaml file: config\config.yaml loaded successfully]
[2025-01-04 13:59:11,259: INFO:common: yaml file: params.yaml loaded successfully]
[2025-01-04 13:59:11,260: INFO:common: yaml file: schema.yaml loaded successfully]
[2025-01-04 13:59:11,260: INFO:common: created directory at: artifacts]
[2025-01-04 13:59:11,261: INFO:common: created directory at: artifacts/data_ingestion]
[2025-01-04 13:59:11,262: INFO:data_ingestion: Downloading data from https://drive.google.com/file/d/1cEAi27z0Fd0GlbZ6esrsxXJbe95glDaI/view?usp=sharing into file artifacts/data_ingestion/data.zip]
[2025-01-04 13:59:14,902: INFO:data_ingestion: Downloaded data from https://drive.google.com/file/d/1cEAi27z0Fd0GlbZ6esrsxXJbe95glDaI/view?usp=sharing into file artifacts/data_ingestion/data.zip]
[2025-01-04 13:59:14,923: INFO:main: >>>>> stage Data Ingestion stage completed <<<<< 

 x==========x]
[2025-01-04 13:59:14,923: INFO:main: >>>>> stage Data Validation stage started <<<<<]
[2025-01-04 13:59:14,926: INFO:common: yaml file: config\config.yaml loaded successfully]
[2025-01-04 13:59:14,927: INFO:common: yaml file: params.yaml loaded successfully]
[2025-01-04 13:59:14,928: INFO:common: yaml file: schema.yaml loaded successfully]
[2025-01-04 13:59:14,929: INFO:common: created directory at: artifacts]
[2025-01-04 13:59:14,929: INFO:common: created directory at: artifacts/data_validation]
[2025-01-04 13:59:14,972: INFO:main: >>>>> stage Data Validation stage completed <<<<<

 x==========x]
