[2025-01-04 12:16:18,933: INFO:common: yaml file: config\config.yaml loaded successfully]
[2025-01-04 12:16:18,938: INFO:common: yaml file: params.yaml loaded successfully]
[2025-01-04 12:16:18,945: INFO:common: yaml file: schema.yaml loaded successfully]
[2025-01-04 12:16:18,946: INFO:common: created directory at: artifacts]
[2025-01-04 12:16:18,947: INFO:common: created directory at: artifacts/data_validation]
[2025-01-04 12:17:01,219: INFO:common: yaml file: config\config.yaml loaded successfully]
[2025-01-04 12:17:01,221: INFO:common: yaml file: params.yaml loaded successfully]
[2025-01-04 12:17:01,224: INFO:common: yaml file: schema.yaml loaded successfully]
[2025-01-04 12:17:01,224: INFO:common: created directory at: artifacts]
[2025-01-04 12:17:01,228: INFO:common: created directory at: artifacts/data_validation]
[2025-01-04 12:17:21,381: INFO:common: yaml file: config\config.yaml loaded successfully]
[2025-01-04 12:17:21,382: INFO:common: yaml file: params.yaml loaded successfully]
[2025-01-04 12:17:21,385: INFO:common: yaml file: schema.yaml loaded successfully]
[2025-01-04 12:17:21,387: INFO:common: created directory at: artifacts]
[2025-01-04 12:17:21,388: INFO:common: created directory at: artifacts/data_validation]
[2025-01-04 12:18:12,166: INFO:common: yaml file: config\config.yaml loaded successfully]
[2025-01-04 12:18:12,170: INFO:common: yaml file: params.yaml loaded successfully]
[2025-01-04 12:18:12,173: INFO:common: yaml file: schema.yaml loaded successfully]
[2025-01-04 12:18:12,173: INFO:common: created directory at: artifacts]
[2025-01-04 12:18:12,175: INFO:common: created directory at: artifacts/data_validation]
[2025-01-04 12:18:45,771: INFO:common: yaml file: config\config.yaml loaded successfully]
[2025-01-04 12:18:45,772: INFO:common: yaml file: params.yaml loaded successfully]
[2025-01-04 12:18:45,775: INFO:common: yaml file: schema.yaml loaded successfully]
[2025-01-04 12:18:45,776: INFO:common: created directory at: artifacts]
[2025-01-04 12:18:45,777: INFO:common: created directory at: artifacts/data_validation]
[2025-01-04 12:19:52,378: INFO:common: yaml file: config\config.yaml loaded successfully]
[2025-01-04 12:19:52,380: INFO:common: yaml file: params.yaml loaded successfully]
[2025-01-04 12:19:52,382: INFO:common: yaml file: schema.yaml loaded successfully]
[2025-01-04 12:19:52,383: INFO:common: created directory at: artifacts]
[2025-01-04 12:19:52,384: INFO:common: created directory at: artifacts/data_validation]
[2025-01-04 12:20:28,235: INFO:common: yaml file: config\config.yaml loaded successfully]
[2025-01-04 12:20:28,237: INFO:common: yaml file: params.yaml loaded successfully]
[2025-01-04 12:20:28,239: INFO:common: yaml file: schema.yaml loaded successfully]
[2025-01-04 12:20:28,240: INFO:common: created directory at: artifacts]
[2025-01-04 12:20:28,241: INFO:common: created directory at: artifacts/data_validation]
[2025-01-04 12:23:24,826: INFO:common: yaml file: config\config.yaml loaded successfully]
[2025-01-04 12:23:24,827: INFO:common: yaml file: params.yaml loaded successfully]
[2025-01-04 12:23:24,830: INFO:common: yaml file: schema.yaml loaded successfully]
[2025-01-04 12:23:24,832: INFO:common: created directory at: artifacts]
[2025-01-04 12:23:24,834: INFO:common: created directory at: artifacts/data_validation]
[2025-01-04 12:23:36,141: INFO:common: yaml file: config\config.yaml loaded successfully]
[2025-01-04 12:23:36,142: INFO:common: yaml file: params.yaml loaded successfully]
[2025-01-04 12:23:36,144: INFO:common: yaml file: schema.yaml loaded successfully]
[2025-01-04 12:23:36,146: INFO:common: created directory at: artifacts]
[2025-01-04 12:23:36,146: INFO:common: created directory at: artifacts/data_validation]
[2025-01-04 12:23:53,575: INFO:common: yaml file: config\config.yaml loaded successfully]
[2025-01-04 12:23:53,577: INFO:common: yaml file: params.yaml loaded successfully]
[2025-01-04 12:23:53,579: INFO:common: yaml file: schema.yaml loaded successfully]
[2025-01-04 12:23:53,580: INFO:common: created directory at: artifacts]
[2025-01-04 12:23:53,581: INFO:common: created directory at: artifacts/data_validation]
[2025-01-04 12:24:41,635: INFO:common: yaml file: config\config.yaml loaded successfully]
[2025-01-04 12:24:41,637: INFO:common: yaml file: params.yaml loaded successfully]
[2025-01-04 12:24:41,640: INFO:common: yaml file: schema.yaml loaded successfully]
[2025-01-04 12:24:41,641: INFO:common: created directory at: artifacts]
[2025-01-04 12:24:41,642: INFO:common: created directory at: artifacts/data_validation]
[2025-01-04 12:25:07,332: INFO:common: yaml file: config\config.yaml loaded successfully]
[2025-01-04 12:25:07,335: INFO:common: yaml file: params.yaml loaded successfully]
[2025-01-04 12:25:07,337: INFO:common: yaml file: schema.yaml loaded successfully]
[2025-01-04 12:25:07,338: INFO:common: created directory at: artifacts]
[2025-01-04 12:25:07,339: INFO:common: created directory at: artifacts/data_validation]
[2025-01-06 06:01:03,648: INFO:common: yaml file: config\config.yaml loaded successfully]
[2025-01-06 06:01:03,651: INFO:common: yaml file: params.yaml loaded successfully]
[2025-01-06 06:01:27,920: INFO:common: yaml file: config\config.yaml loaded successfully]
[2025-01-06 06:01:27,922: INFO:common: yaml file: params.yaml loaded successfully]
[2025-01-06 06:01:31,115: INFO:common: yaml file: config\config.yaml loaded successfully]
[2025-01-06 06:01:31,117: INFO:common: yaml file: params.yaml loaded successfully]
[2025-01-06 07:43:44,880: INFO:common: yaml file: config\config.yaml loaded successfully]
[2025-01-06 07:43:44,883: INFO:common: yaml file: params.yaml loaded successfully]
[2025-01-06 07:43:44,890: INFO:common: yaml file: schema.yaml loaded successfully]
[2025-01-06 07:44:21,229: INFO:common: yaml file: config\config.yaml loaded successfully]
[2025-01-06 07:44:21,230: INFO:common: yaml file: params.yaml loaded successfully]
[2025-01-06 07:44:21,233: INFO:common: yaml file: schema.yaml loaded successfully]
[2025-01-06 07:44:21,298: INFO:tpe: build_posterior_wrapper took 0.000924 seconds]
[2025-01-06 07:44:21,298: INFO:tpe: TPE using 0 trials]
[2025-01-06 07:44:21,299: ERROR:fmin: job exception: hyperOptTraining.objective() missing 4 required positional arguments: 'xtrain', 'ytrain', 'xtest', and 'ytest']
[2025-01-06 07:48:36,395: INFO:common: yaml file: config\config.yaml loaded successfully]
[2025-01-06 07:48:36,397: INFO:common: yaml file: params.yaml loaded successfully]
[2025-01-06 07:48:36,399: INFO:common: yaml file: schema.yaml loaded successfully]
[2025-01-06 07:49:03,765: INFO:common: yaml file: config\config.yaml loaded successfully]
[2025-01-06 07:49:03,767: INFO:common: yaml file: params.yaml loaded successfully]
[2025-01-06 07:49:03,770: INFO:common: yaml file: schema.yaml loaded successfully]
[2025-01-06 07:50:33,950: INFO:common: yaml file: config\config.yaml loaded successfully]
[2025-01-06 07:50:33,952: INFO:common: yaml file: params.yaml loaded successfully]
[2025-01-06 07:50:33,954: INFO:common: yaml file: schema.yaml loaded successfully]
[2025-01-06 07:50:34,337: INFO:_client: HTTP Request: GET https://dagshub.com/api/v1/user "HTTP/1.1 200 OK"]
[2025-01-06 07:50:34,343: INFO:helpers: Accessing as Immortal-Pi]
[2025-01-06 07:50:34,639: INFO:_client: HTTP Request: GET https://dagshub.com/api/v1/repos/Immortal-Pi/ML-project-with-MLFlow "HTTP/1.1 200 OK"]
[2025-01-06 07:50:34,878: INFO:_client: HTTP Request: GET https://dagshub.com/api/v1/user "HTTP/1.1 200 OK"]
[2025-01-06 07:50:34,882: INFO:helpers: Initialized MLflow to track repo "Immortal-Pi/ML-project-with-MLFlow"]
[2025-01-06 07:50:34,884: INFO:helpers: Repository Immortal-Pi/ML-project-with-MLFlow initialized!]
[2025-01-06 07:51:44,453: INFO:common: yaml file: config\config.yaml loaded successfully]
[2025-01-06 07:51:44,456: INFO:common: yaml file: params.yaml loaded successfully]
[2025-01-06 07:51:44,459: INFO:common: yaml file: schema.yaml loaded successfully]
[2025-01-06 07:51:44,922: INFO:_client: HTTP Request: GET https://dagshub.com/api/v1/repos/Immortal-Pi/ML-project-with-MLFlow "HTTP/1.1 200 OK"]
[2025-01-06 07:51:44,926: INFO:helpers: Initialized MLflow to track repo "Immortal-Pi/ML-project-with-MLFlow"]
[2025-01-06 07:51:44,927: INFO:helpers: Repository Immortal-Pi/ML-project-with-MLFlow initialized!]
[2025-01-06 07:53:09,623: INFO:common: yaml file: config\config.yaml loaded successfully]
[2025-01-06 07:53:09,625: INFO:common: yaml file: params.yaml loaded successfully]
[2025-01-06 07:53:09,627: INFO:common: yaml file: schema.yaml loaded successfully]
[2025-01-06 07:53:10,053: INFO:_client: HTTP Request: GET https://dagshub.com/api/v1/repos/Immortal-Pi/ML-project-with-MLFlow "HTTP/1.1 200 OK"]
[2025-01-06 07:53:10,059: INFO:helpers: Initialized MLflow to track repo "Immortal-Pi/ML-project-with-MLFlow"]
[2025-01-06 07:53:10,062: INFO:helpers: Repository Immortal-Pi/ML-project-with-MLFlow initialized!]
[2025-01-06 07:53:30,153: INFO:common: yaml file: config\config.yaml loaded successfully]
[2025-01-06 07:53:30,155: INFO:common: yaml file: params.yaml loaded successfully]
[2025-01-06 07:53:30,157: INFO:common: yaml file: schema.yaml loaded successfully]
[2025-01-06 07:53:30,446: INFO:_client: HTTP Request: GET https://dagshub.com/api/v1/repos/Immortal-Pi/ML-project-with-MLFlow "HTTP/1.1 200 OK"]
[2025-01-06 07:53:30,450: INFO:helpers: Initialized MLflow to track repo "Immortal-Pi/ML-project-with-MLFlow"]
[2025-01-06 07:53:30,452: INFO:helpers: Repository Immortal-Pi/ML-project-with-MLFlow initialized!]
[2025-01-06 07:54:06,130: INFO:common: yaml file: config\config.yaml loaded successfully]
[2025-01-06 07:54:06,132: INFO:common: yaml file: params.yaml loaded successfully]
[2025-01-06 07:54:06,134: INFO:common: yaml file: schema.yaml loaded successfully]
[2025-01-06 07:54:06,571: INFO:_client: HTTP Request: GET https://dagshub.com/api/v1/repos/Immortal-Pi/ML-project-with-MLFlow "HTTP/1.1 200 OK"]
[2025-01-06 07:54:06,577: INFO:helpers: Initialized MLflow to track repo "Immortal-Pi/ML-project-with-MLFlow"]
[2025-01-06 07:54:06,580: INFO:helpers: Repository Immortal-Pi/ML-project-with-MLFlow initialized!]
[2025-01-06 08:11:01,770: INFO:common: yaml file: config\config.yaml loaded successfully]
[2025-01-06 08:11:01,772: INFO:common: yaml file: params.yaml loaded successfully]
[2025-01-06 08:11:01,776: INFO:common: yaml file: schema.yaml loaded successfully]
[2025-01-06 08:11:02,240: INFO:_client: HTTP Request: GET https://dagshub.com/api/v1/repos/Immortal-Pi/ML-project-with-MLFlow "HTTP/1.1 200 OK"]
[2025-01-06 08:11:02,244: INFO:helpers: Initialized MLflow to track repo "Immortal-Pi/ML-project-with-MLFlow"]
[2025-01-06 08:11:02,248: INFO:helpers: Repository Immortal-Pi/ML-project-with-MLFlow initialized!]
[2025-01-06 08:11:02,252: INFO:tpe: build_posterior_wrapper took 0.000000 seconds]
[2025-01-06 08:11:02,252: INFO:tpe: TPE using 0 trials]
[2025-01-06 08:11:02,912: ERROR:fmin: job exception: ElasticNet.__init__() got an unexpected keyword argument 'fixed acidity']
[2025-01-06 08:11:46,668: INFO:common: yaml file: config\config.yaml loaded successfully]
[2025-01-06 08:11:46,669: INFO:common: yaml file: params.yaml loaded successfully]
[2025-01-06 08:11:46,671: INFO:common: yaml file: schema.yaml loaded successfully]
[2025-01-06 08:11:47,055: INFO:_client: HTTP Request: GET https://dagshub.com/api/v1/repos/Immortal-Pi/ML-project-with-MLFlow "HTTP/1.1 200 OK"]
[2025-01-06 08:11:47,058: INFO:helpers: Initialized MLflow to track repo "Immortal-Pi/ML-project-with-MLFlow"]
[2025-01-06 08:11:47,060: INFO:helpers: Repository Immortal-Pi/ML-project-with-MLFlow initialized!]
[2025-01-06 08:11:47,063: INFO:tpe: build_posterior_wrapper took 0.000511 seconds]
[2025-01-06 08:11:47,063: INFO:tpe: TPE using 0 trials]
[2025-01-06 08:11:47,780: INFO:tpe: build_posterior_wrapper took 0.000000 seconds]
[2025-01-06 08:11:47,781: INFO:tpe: TPE using 1/1 trials with best loss 0.752200]
[2025-01-06 08:11:48,500: INFO:tpe: build_posterior_wrapper took 0.000000 seconds]
[2025-01-06 08:11:48,501: INFO:tpe: TPE using 2/2 trials with best loss 0.724614]
[2025-01-06 08:11:51,203: INFO:tpe: build_posterior_wrapper took 0.001503 seconds]
[2025-01-06 08:11:51,203: INFO:tpe: TPE using 3/3 trials with best loss 0.724614]
[2025-01-06 08:11:56,232: INFO:tpe: build_posterior_wrapper took 0.000000 seconds]
[2025-01-06 08:11:56,233: INFO:tpe: TPE using 4/4 trials with best loss 0.724614]
[2025-01-06 08:12:01,197: INFO:tpe: build_posterior_wrapper took 0.000000 seconds]
[2025-01-06 08:12:01,198: INFO:tpe: TPE using 5/5 trials with best loss 0.724614]
[2025-01-06 08:12:06,217: INFO:tpe: build_posterior_wrapper took 0.001011 seconds]
[2025-01-06 08:12:06,218: INFO:tpe: TPE using 6/6 trials with best loss 0.724614]
[2025-01-06 08:12:11,197: INFO:tpe: build_posterior_wrapper took 0.000000 seconds]
[2025-01-06 08:12:11,199: INFO:tpe: TPE using 7/7 trials with best loss 0.724614]
[2025-01-06 08:12:16,219: INFO:tpe: build_posterior_wrapper took 0.002018 seconds]
[2025-01-06 08:12:16,220: INFO:tpe: TPE using 8/8 trials with best loss 0.724614]
[2025-01-06 08:12:21,225: INFO:tpe: build_posterior_wrapper took 0.001007 seconds]
[2025-01-06 08:12:21,225: INFO:tpe: TPE using 9/9 trials with best loss 0.724614]
[2025-01-06 08:22:58,619: INFO:common: yaml file: config\config.yaml loaded successfully]
[2025-01-06 08:22:58,621: INFO:common: yaml file: params.yaml loaded successfully]
[2025-01-06 08:22:58,624: INFO:common: yaml file: schema.yaml loaded successfully]
[2025-01-06 08:22:59,040: INFO:_client: HTTP Request: GET https://dagshub.com/api/v1/repos/Immortal-Pi/ML-project-with-MLFlow "HTTP/1.1 200 OK"]
[2025-01-06 08:22:59,047: INFO:helpers: Initialized MLflow to track repo "Immortal-Pi/ML-project-with-MLFlow"]
[2025-01-06 08:22:59,050: INFO:helpers: Repository Immortal-Pi/ML-project-with-MLFlow initialized!]
[2025-01-06 08:22:59,055: INFO:tpe: build_posterior_wrapper took 0.000961 seconds]
[2025-01-06 08:22:59,056: INFO:tpe: TPE using 0 trials]
[2025-01-06 08:23:00,192: INFO:tpe: build_posterior_wrapper took 0.000000 seconds]
[2025-01-06 08:23:00,193: INFO:tpe: TPE using 1/1 trials with best loss 0.725826]
[2025-01-06 08:23:01,004: INFO:tpe: build_posterior_wrapper took 0.000000 seconds]
[2025-01-06 08:23:01,006: INFO:tpe: TPE using 2/2 trials with best loss 0.721426]
[2025-01-06 08:23:03,252: INFO:tpe: build_posterior_wrapper took 0.000000 seconds]
[2025-01-06 08:23:03,253: INFO:tpe: TPE using 3/3 trials with best loss 0.721426]
[2025-01-06 08:23:08,283: INFO:tpe: build_posterior_wrapper took 0.000000 seconds]
[2025-01-06 08:23:08,284: INFO:tpe: TPE using 4/4 trials with best loss 0.721426]
[2025-01-06 08:23:13,379: INFO:tpe: build_posterior_wrapper took 0.000712 seconds]
[2025-01-06 08:23:13,381: INFO:tpe: TPE using 5/5 trials with best loss 0.721426]
[2025-01-06 08:23:18,258: INFO:tpe: build_posterior_wrapper took 0.000000 seconds]
[2025-01-06 08:23:18,259: INFO:tpe: TPE using 6/6 trials with best loss 0.721426]
[2025-01-06 08:23:23,286: INFO:tpe: build_posterior_wrapper took 0.001245 seconds]
[2025-01-06 08:23:23,286: INFO:tpe: TPE using 7/7 trials with best loss 0.718444]
[2025-01-06 08:23:28,954: INFO:tpe: build_posterior_wrapper took 0.000000 seconds]
[2025-01-06 08:23:28,955: INFO:tpe: TPE using 8/8 trials with best loss 0.718444]
[2025-01-06 08:23:33,246: INFO:tpe: build_posterior_wrapper took 0.000999 seconds]
[2025-01-06 08:23:33,246: INFO:tpe: TPE using 9/9 trials with best loss 0.718444]
[2025-01-06 08:25:25,614: INFO:common: yaml file: config\config.yaml loaded successfully]
[2025-01-06 08:25:25,617: INFO:common: yaml file: params.yaml loaded successfully]
[2025-01-06 08:25:25,619: INFO:common: yaml file: schema.yaml loaded successfully]
[2025-01-06 08:25:26,029: INFO:_client: HTTP Request: GET https://dagshub.com/api/v1/repos/Immortal-Pi/ML-project-with-MLFlow "HTTP/1.1 200 OK"]
[2025-01-06 08:25:26,032: INFO:helpers: Initialized MLflow to track repo "Immortal-Pi/ML-project-with-MLFlow"]
[2025-01-06 08:25:26,034: INFO:helpers: Repository Immortal-Pi/ML-project-with-MLFlow initialized!]
[2025-01-06 08:25:26,036: INFO:tpe: build_posterior_wrapper took 0.000000 seconds]
[2025-01-06 08:25:26,037: INFO:tpe: TPE using 0 trials]
[2025-01-06 08:25:26,184: ERROR:fmin: job exception: INVALID_PARAMETER_VALUE: Response: {'error_code': 'INVALID_PARAMETER_VALUE'}]
[2025-01-06 08:28:26,594: INFO:common: yaml file: config\config.yaml loaded successfully]
[2025-01-06 08:28:26,596: INFO:common: yaml file: params.yaml loaded successfully]
[2025-01-06 08:28:26,598: INFO:common: yaml file: schema.yaml loaded successfully]
[2025-01-06 08:28:26,996: INFO:_client: HTTP Request: GET https://dagshub.com/api/v1/repos/Immortal-Pi/ML-project-with-MLFlow "HTTP/1.1 200 OK"]
[2025-01-06 08:28:27,000: INFO:helpers: Initialized MLflow to track repo "Immortal-Pi/ML-project-with-MLFlow"]
[2025-01-06 08:28:27,001: INFO:helpers: Repository Immortal-Pi/ML-project-with-MLFlow initialized!]
[2025-01-06 08:28:27,270: INFO:tpe: build_posterior_wrapper took 0.000000 seconds]
[2025-01-06 08:28:27,271: INFO:tpe: TPE using 0 trials]
[2025-01-06 08:28:28,084: INFO:tpe: build_posterior_wrapper took 0.000966 seconds]
[2025-01-06 08:28:28,085: INFO:tpe: TPE using 1/1 trials with best loss 0.747157]
[2025-01-06 08:28:28,796: INFO:tpe: build_posterior_wrapper took 0.000000 seconds]
[2025-01-06 08:28:28,797: INFO:tpe: TPE using 2/2 trials with best loss 0.747157]
[2025-01-06 08:28:31,407: INFO:tpe: build_posterior_wrapper took 0.001008 seconds]
[2025-01-06 08:28:31,408: INFO:tpe: TPE using 3/3 trials with best loss 0.731158]
[2025-01-06 08:28:36,427: INFO:tpe: build_posterior_wrapper took 0.000000 seconds]
[2025-01-06 08:28:36,429: INFO:tpe: TPE using 4/4 trials with best loss 0.721099]
[2025-01-06 08:28:41,435: INFO:tpe: build_posterior_wrapper took 0.001000 seconds]
[2025-01-06 08:28:41,437: INFO:tpe: TPE using 5/5 trials with best loss 0.721099]
[2025-01-06 08:28:46,399: INFO:tpe: build_posterior_wrapper took 0.001493 seconds]
[2025-01-06 08:28:46,400: INFO:tpe: TPE using 6/6 trials with best loss 0.720585]
[2025-01-06 08:28:51,400: INFO:tpe: build_posterior_wrapper took 0.001000 seconds]
[2025-01-06 08:28:51,401: INFO:tpe: TPE using 7/7 trials with best loss 0.714977]
[2025-01-06 08:28:56,405: INFO:tpe: build_posterior_wrapper took 0.001049 seconds]
[2025-01-06 08:28:56,407: INFO:tpe: TPE using 8/8 trials with best loss 0.714977]
[2025-01-06 08:29:01,400: INFO:tpe: build_posterior_wrapper took 0.000992 seconds]
[2025-01-06 08:29:01,401: INFO:tpe: TPE using 9/9 trials with best loss 0.714977]
[2025-01-06 08:32:16,121: INFO:common: yaml file: config\config.yaml loaded successfully]
[2025-01-06 08:32:16,124: INFO:common: yaml file: params.yaml loaded successfully]
[2025-01-06 08:32:16,127: INFO:common: yaml file: schema.yaml loaded successfully]
[2025-01-06 08:32:16,553: INFO:_client: HTTP Request: GET https://dagshub.com/api/v1/repos/Immortal-Pi/ML-project-with-MLFlow "HTTP/1.1 200 OK"]
[2025-01-06 08:32:16,559: INFO:helpers: Initialized MLflow to track repo "Immortal-Pi/ML-project-with-MLFlow"]
[2025-01-06 08:32:16,560: INFO:helpers: Repository Immortal-Pi/ML-project-with-MLFlow initialized!]
[2025-01-06 08:32:44,263: INFO:common: yaml file: config\config.yaml loaded successfully]
[2025-01-06 08:32:44,265: INFO:common: yaml file: params.yaml loaded successfully]
[2025-01-06 08:32:44,268: INFO:common: yaml file: schema.yaml loaded successfully]
[2025-01-06 08:32:44,602: INFO:_client: HTTP Request: GET https://dagshub.com/api/v1/repos/Immortal-Pi/ML-project-with-MLFlow "HTTP/1.1 200 OK"]
[2025-01-06 08:32:44,608: INFO:helpers: Initialized MLflow to track repo "Immortal-Pi/ML-project-with-MLFlow"]
[2025-01-06 08:32:44,610: INFO:helpers: Repository Immortal-Pi/ML-project-with-MLFlow initialized!]
[2025-01-06 08:32:44,615: INFO:tpe: build_posterior_wrapper took 0.001343 seconds]
[2025-01-06 08:32:44,615: INFO:tpe: TPE using 0 trials]
[2025-01-06 08:32:44,738: ERROR:fmin: job exception: INVALID_PARAMETER_VALUE: Response: {'error_code': 'INVALID_PARAMETER_VALUE'}]
[2025-01-06 08:32:51,450: INFO:common: yaml file: config\config.yaml loaded successfully]
[2025-01-06 08:32:51,452: INFO:common: yaml file: params.yaml loaded successfully]
[2025-01-06 08:32:51,453: INFO:common: yaml file: schema.yaml loaded successfully]
[2025-01-06 08:32:51,899: INFO:_client: HTTP Request: GET https://dagshub.com/api/v1/repos/Immortal-Pi/ML-project-with-MLFlow "HTTP/1.1 200 OK"]
[2025-01-06 08:32:51,903: INFO:helpers: Initialized MLflow to track repo "Immortal-Pi/ML-project-with-MLFlow"]
[2025-01-06 08:32:51,905: INFO:helpers: Repository Immortal-Pi/ML-project-with-MLFlow initialized!]
[2025-01-06 08:33:16,122: INFO:common: yaml file: config\config.yaml loaded successfully]
[2025-01-06 08:33:16,124: INFO:common: yaml file: params.yaml loaded successfully]
[2025-01-06 08:33:16,127: INFO:common: yaml file: schema.yaml loaded successfully]
[2025-01-06 08:33:16,434: INFO:_client: HTTP Request: GET https://dagshub.com/api/v1/repos/Immortal-Pi/ML-project-with-MLFlow "HTTP/1.1 200 OK"]
[2025-01-06 08:33:16,437: INFO:helpers: Initialized MLflow to track repo "Immortal-Pi/ML-project-with-MLFlow"]
[2025-01-06 08:33:16,439: INFO:helpers: Repository Immortal-Pi/ML-project-with-MLFlow initialized!]
[2025-01-06 08:33:31,085: INFO:common: yaml file: config\config.yaml loaded successfully]
[2025-01-06 08:33:31,087: INFO:common: yaml file: params.yaml loaded successfully]
[2025-01-06 08:33:31,092: INFO:common: yaml file: schema.yaml loaded successfully]
[2025-01-06 08:33:31,520: INFO:_client: HTTP Request: GET https://dagshub.com/api/v1/repos/Immortal-Pi/ML-project-with-MLFlow "HTTP/1.1 200 OK"]
[2025-01-06 08:33:31,526: INFO:helpers: Initialized MLflow to track repo "Immortal-Pi/ML-project-with-MLFlow"]
[2025-01-06 08:33:31,527: INFO:helpers: Repository Immortal-Pi/ML-project-with-MLFlow initialized!]
[2025-01-06 08:34:59,514: INFO:common: yaml file: config\config.yaml loaded successfully]
[2025-01-06 08:34:59,517: INFO:common: yaml file: params.yaml loaded successfully]
[2025-01-06 08:34:59,522: INFO:common: yaml file: schema.yaml loaded successfully]
[2025-01-06 08:34:59,937: INFO:_client: HTTP Request: GET https://dagshub.com/api/v1/repos/Immortal-Pi/ML-project-with-MLFlow "HTTP/1.1 200 OK"]
[2025-01-06 08:34:59,944: INFO:helpers: Initialized MLflow to track repo "Immortal-Pi/ML-project-with-MLFlow"]
[2025-01-06 08:34:59,948: INFO:helpers: Repository Immortal-Pi/ML-project-with-MLFlow initialized!]
[2025-01-06 08:36:31,196: INFO:common: yaml file: config\config.yaml loaded successfully]
[2025-01-06 08:36:31,199: INFO:common: yaml file: params.yaml loaded successfully]
[2025-01-06 08:36:31,201: INFO:common: yaml file: schema.yaml loaded successfully]
[2025-01-06 08:36:31,730: INFO:_client: HTTP Request: GET https://dagshub.com/api/v1/repos/Immortal-Pi/ML-project-with-MLFlow "HTTP/1.1 200 OK"]
[2025-01-06 08:36:31,735: INFO:helpers: Initialized MLflow to track repo "Immortal-Pi/ML-project-with-MLFlow"]
[2025-01-06 08:36:31,737: INFO:helpers: Repository Immortal-Pi/ML-project-with-MLFlow initialized!]
[2025-01-06 08:37:04,505: INFO:common: yaml file: config\config.yaml loaded successfully]
[2025-01-06 08:37:04,508: INFO:common: yaml file: params.yaml loaded successfully]
[2025-01-06 08:37:04,511: INFO:common: yaml file: schema.yaml loaded successfully]
[2025-01-06 08:37:04,855: INFO:_client: HTTP Request: GET https://dagshub.com/api/v1/repos/Immortal-Pi/ML-project-with-MLFlow "HTTP/1.1 200 OK"]
[2025-01-06 08:37:04,861: INFO:helpers: Initialized MLflow to track repo "Immortal-Pi/ML-project-with-MLFlow"]
[2025-01-06 08:37:04,862: INFO:helpers: Repository Immortal-Pi/ML-project-with-MLFlow initialized!]
[2025-01-06 08:37:05,292: INFO:tpe: build_posterior_wrapper took 0.001100 seconds]
[2025-01-06 08:37:05,292: INFO:tpe: TPE using 0 trials]
[2025-01-06 08:37:06,178: INFO:tpe: build_posterior_wrapper took 0.000921 seconds]
[2025-01-06 08:37:06,178: INFO:tpe: TPE using 1/1 trials with best loss 0.749808]
[2025-01-06 08:37:07,023: INFO:tpe: build_posterior_wrapper took 0.000000 seconds]
[2025-01-06 08:37:07,024: INFO:tpe: TPE using 2/2 trials with best loss 0.706705]
[2025-01-06 08:37:09,426: INFO:tpe: build_posterior_wrapper took 0.001008 seconds]
[2025-01-06 08:37:09,427: INFO:tpe: TPE using 3/3 trials with best loss 0.706705]
[2025-01-06 08:37:14,450: INFO:tpe: build_posterior_wrapper took 0.000000 seconds]
[2025-01-06 08:37:14,451: INFO:tpe: TPE using 4/4 trials with best loss 0.706705]
[2025-01-06 08:37:19,483: INFO:tpe: build_posterior_wrapper took 0.001000 seconds]
[2025-01-06 08:37:19,483: INFO:tpe: TPE using 5/5 trials with best loss 0.706705]
[2025-01-06 08:37:24,432: INFO:tpe: build_posterior_wrapper took 0.000000 seconds]
[2025-01-06 08:37:24,433: INFO:tpe: TPE using 6/6 trials with best loss 0.706705]
[2025-01-06 08:37:29,442: INFO:tpe: build_posterior_wrapper took 0.000000 seconds]
[2025-01-06 08:37:29,443: INFO:tpe: TPE using 7/7 trials with best loss 0.706705]
[2025-01-06 08:37:34,422: INFO:tpe: build_posterior_wrapper took 0.001003 seconds]
[2025-01-06 08:37:34,423: INFO:tpe: TPE using 8/8 trials with best loss 0.706705]
[2025-01-06 08:37:39,447: INFO:tpe: build_posterior_wrapper took 0.000000 seconds]
[2025-01-06 08:37:39,448: INFO:tpe: TPE using 9/9 trials with best loss 0.706705]
[2025-01-06 08:39:13,069: INFO:common: yaml file: config\config.yaml loaded successfully]
[2025-01-06 08:39:13,072: INFO:common: yaml file: params.yaml loaded successfully]
[2025-01-06 08:39:13,074: INFO:common: yaml file: schema.yaml loaded successfully]
[2025-01-06 08:39:13,482: INFO:_client: HTTP Request: GET https://dagshub.com/api/v1/repos/Immortal-Pi/ML-project-with-MLFlow "HTTP/1.1 200 OK"]
[2025-01-06 08:39:13,486: INFO:helpers: Initialized MLflow to track repo "Immortal-Pi/ML-project-with-MLFlow"]
[2025-01-06 08:39:13,490: INFO:helpers: Repository Immortal-Pi/ML-project-with-MLFlow initialized!]
[2025-01-06 08:39:13,765: INFO:tpe: build_posterior_wrapper took 0.001001 seconds]
[2025-01-06 08:39:13,765: INFO:tpe: TPE using 0 trials]
[2025-01-06 08:39:14,517: INFO:tpe: build_posterior_wrapper took 0.001000 seconds]
[2025-01-06 08:39:14,518: INFO:tpe: TPE using 1/1 trials with best loss 0.754138]
[2025-01-06 08:39:15,265: INFO:tpe: build_posterior_wrapper took 0.000000 seconds]
[2025-01-06 08:39:15,266: INFO:tpe: TPE using 2/2 trials with best loss 0.754138]
[2025-01-06 08:39:17,903: INFO:tpe: build_posterior_wrapper took 0.001001 seconds]
[2025-01-06 08:39:17,905: INFO:tpe: TPE using 3/3 trials with best loss 0.711695]
[2025-01-06 08:39:22,903: INFO:tpe: build_posterior_wrapper took 0.001008 seconds]
[2025-01-06 08:39:22,903: INFO:tpe: TPE using 4/4 trials with best loss 0.711695]
[2025-01-06 08:39:27,902: INFO:tpe: build_posterior_wrapper took 0.001003 seconds]
[2025-01-06 08:39:27,903: INFO:tpe: TPE using 5/5 trials with best loss 0.711695]
[2025-01-06 08:39:32,909: INFO:tpe: build_posterior_wrapper took 0.000000 seconds]
[2025-01-06 08:39:32,910: INFO:tpe: TPE using 6/6 trials with best loss 0.711695]
[2025-01-06 08:39:37,929: INFO:tpe: build_posterior_wrapper took 0.000996 seconds]
[2025-01-06 08:39:37,930: INFO:tpe: TPE using 7/7 trials with best loss 0.711695]
[2025-01-06 08:39:42,923: INFO:tpe: build_posterior_wrapper took 0.000000 seconds]
[2025-01-06 08:39:42,924: INFO:tpe: TPE using 8/8 trials with best loss 0.711695]
[2025-01-06 08:39:47,941: INFO:tpe: build_posterior_wrapper took 0.000000 seconds]
[2025-01-06 08:39:47,942: INFO:tpe: TPE using 9/9 trials with best loss 0.711695]
[2025-01-06 08:41:01,460: INFO:common: yaml file: config\config.yaml loaded successfully]
[2025-01-06 08:41:01,464: INFO:common: yaml file: params.yaml loaded successfully]
[2025-01-06 08:41:01,466: INFO:common: yaml file: schema.yaml loaded successfully]
[2025-01-06 08:41:01,874: INFO:_client: HTTP Request: GET https://dagshub.com/api/v1/repos/Immortal-Pi/ML-project-with-MLFlow "HTTP/1.1 200 OK"]
[2025-01-06 08:41:01,877: INFO:helpers: Initialized MLflow to track repo "Immortal-Pi/ML-project-with-MLFlow"]
[2025-01-06 08:41:01,879: INFO:helpers: Repository Immortal-Pi/ML-project-with-MLFlow initialized!]
[2025-01-06 08:41:02,178: INFO:tpe: build_posterior_wrapper took 0.000999 seconds]
[2025-01-06 08:41:02,178: INFO:tpe: TPE using 0 trials]
[2025-01-06 08:41:02,908: INFO:tpe: build_posterior_wrapper took 0.001001 seconds]
[2025-01-06 08:41:02,909: INFO:tpe: TPE using 1/1 trials with best loss 0.700875]
[2025-01-06 08:41:03,639: INFO:tpe: build_posterior_wrapper took 0.000000 seconds]
[2025-01-06 08:41:03,640: INFO:tpe: TPE using 2/2 trials with best loss 0.700875]
[2025-01-06 08:41:06,308: INFO:tpe: build_posterior_wrapper took 0.001000 seconds]
[2025-01-06 08:41:06,309: INFO:tpe: TPE using 3/3 trials with best loss 0.700875]
[2025-01-06 08:41:11,322: INFO:tpe: build_posterior_wrapper took 0.000999 seconds]
[2025-01-06 08:41:11,322: INFO:tpe: TPE using 4/4 trials with best loss 0.700875]
[2025-01-06 08:41:16,309: INFO:tpe: build_posterior_wrapper took 0.000000 seconds]
[2025-01-06 08:41:16,310: INFO:tpe: TPE using 5/5 trials with best loss 0.700875]
[2025-01-06 08:41:21,351: INFO:tpe: build_posterior_wrapper took 0.001052 seconds]
[2025-01-06 08:41:21,352: INFO:tpe: TPE using 6/6 trials with best loss 0.700875]
[2025-01-06 08:41:26,315: INFO:tpe: build_posterior_wrapper took 0.000000 seconds]
[2025-01-06 08:41:26,316: INFO:tpe: TPE using 7/7 trials with best loss 0.700875]
[2025-01-06 08:41:31,348: INFO:tpe: build_posterior_wrapper took 0.001004 seconds]
[2025-01-06 08:41:31,348: INFO:tpe: TPE using 8/8 trials with best loss 0.700875]
[2025-01-06 08:41:36,310: INFO:tpe: build_posterior_wrapper took 0.000999 seconds]
[2025-01-06 08:41:36,310: INFO:tpe: TPE using 9/9 trials with best loss 0.700875]
[2025-01-06 08:49:17,065: INFO:common: yaml file: config\config.yaml loaded successfully]
[2025-01-06 08:49:17,067: INFO:common: yaml file: params.yaml loaded successfully]
[2025-01-06 08:49:17,069: INFO:common: yaml file: schema.yaml loaded successfully]
[2025-01-06 08:49:17,468: INFO:_client: HTTP Request: GET https://dagshub.com/api/v1/repos/Immortal-Pi/ML-project-with-MLFlow "HTTP/1.1 200 OK"]
[2025-01-06 08:49:17,473: INFO:helpers: Initialized MLflow to track repo "Immortal-Pi/ML-project-with-MLFlow"]
[2025-01-06 08:49:17,475: INFO:helpers: Repository Immortal-Pi/ML-project-with-MLFlow initialized!]
[2025-01-06 08:49:17,730: INFO:tpe: build_posterior_wrapper took 0.000000 seconds]
[2025-01-06 08:49:17,731: INFO:tpe: TPE using 0 trials]
[2025-01-06 08:49:18,475: INFO:tpe: build_posterior_wrapper took 0.000000 seconds]
[2025-01-06 08:49:18,476: INFO:tpe: TPE using 1/1 trials with best loss 0.735196]
[2025-01-06 08:49:19,167: INFO:tpe: build_posterior_wrapper took 0.000000 seconds]
[2025-01-06 08:49:19,168: INFO:tpe: TPE using 2/2 trials with best loss 0.735196]
[2025-01-06 08:49:21,884: INFO:tpe: build_posterior_wrapper took 0.002040 seconds]
[2025-01-06 08:49:21,885: INFO:tpe: TPE using 3/3 trials with best loss 0.735196]
[2025-01-06 08:49:26,868: INFO:tpe: build_posterior_wrapper took 0.001060 seconds]
[2025-01-06 08:49:26,870: INFO:tpe: TPE using 4/4 trials with best loss 0.687393]
[2025-01-06 08:49:31,904: INFO:tpe: build_posterior_wrapper took 0.000939 seconds]
[2025-01-06 08:49:31,904: INFO:tpe: TPE using 5/5 trials with best loss 0.687393]
[2025-01-06 08:49:36,865: INFO:tpe: build_posterior_wrapper took 0.000000 seconds]
[2025-01-06 08:49:36,866: INFO:tpe: TPE using 6/6 trials with best loss 0.687393]
[2025-01-06 08:49:41,865: INFO:tpe: build_posterior_wrapper took 0.001997 seconds]
[2025-01-06 08:49:41,867: INFO:tpe: TPE using 7/7 trials with best loss 0.687393]
[2025-01-06 08:49:46,862: INFO:tpe: build_posterior_wrapper took 0.001001 seconds]
[2025-01-06 08:49:46,862: INFO:tpe: TPE using 8/8 trials with best loss 0.687393]
[2025-01-06 08:49:51,858: INFO:tpe: build_posterior_wrapper took 0.000000 seconds]
[2025-01-06 08:49:51,859: INFO:tpe: TPE using 9/9 trials with best loss 0.687393]
[2025-01-06 08:53:14,021: INFO:common: yaml file: config\config.yaml loaded successfully]
[2025-01-06 08:53:14,024: INFO:common: yaml file: params.yaml loaded successfully]
[2025-01-06 08:53:14,027: INFO:common: yaml file: schema.yaml loaded successfully]
[2025-01-06 08:53:14,494: INFO:_client: HTTP Request: GET https://dagshub.com/api/v1/repos/Immortal-Pi/ML-project-with-MLFlow "HTTP/1.1 200 OK"]
[2025-01-06 08:53:14,500: INFO:helpers: Initialized MLflow to track repo "Immortal-Pi/ML-project-with-MLFlow"]
[2025-01-06 08:53:14,502: INFO:helpers: Repository Immortal-Pi/ML-project-with-MLFlow initialized!]
[2025-01-06 08:53:14,957: INFO:tpe: build_posterior_wrapper took 0.000000 seconds]
[2025-01-06 08:53:14,958: INFO:tpe: TPE using 0 trials]
[2025-01-06 08:53:15,708: INFO:tpe: build_posterior_wrapper took 0.000000 seconds]
[2025-01-06 08:53:15,709: INFO:tpe: TPE using 1/1 trials with best loss 0.809418]
[2025-01-06 08:53:16,461: INFO:tpe: build_posterior_wrapper took 0.000000 seconds]
[2025-01-06 08:53:16,462: INFO:tpe: TPE using 2/2 trials with best loss 0.721860]
[2025-01-06 08:53:19,121: INFO:tpe: build_posterior_wrapper took 0.000999 seconds]
[2025-01-06 08:53:19,122: INFO:tpe: TPE using 3/3 trials with best loss 0.721860]
[2025-01-06 08:53:24,091: INFO:tpe: build_posterior_wrapper took 0.000000 seconds]
[2025-01-06 08:53:24,093: INFO:tpe: TPE using 4/4 trials with best loss 0.721860]
[2025-01-06 08:53:29,092: INFO:tpe: build_posterior_wrapper took 0.000000 seconds]
[2025-01-06 08:53:29,093: INFO:tpe: TPE using 5/5 trials with best loss 0.721860]
[2025-01-06 08:53:34,094: INFO:tpe: build_posterior_wrapper took 0.000000 seconds]
[2025-01-06 08:53:34,095: INFO:tpe: TPE using 6/6 trials with best loss 0.721860]
[2025-01-06 08:53:39,119: INFO:tpe: build_posterior_wrapper took 0.000000 seconds]
[2025-01-06 08:53:39,121: INFO:tpe: TPE using 7/7 trials with best loss 0.721860]
[2025-01-06 08:53:44,087: INFO:tpe: build_posterior_wrapper took 0.001131 seconds]
[2025-01-06 08:53:44,088: INFO:tpe: TPE using 8/8 trials with best loss 0.721860]
[2025-01-06 08:53:49,088: INFO:tpe: build_posterior_wrapper took 0.001000 seconds]
[2025-01-06 08:53:49,089: INFO:tpe: TPE using 9/9 trials with best loss 0.721860]
[2025-01-06 08:54:54,397: INFO:common: yaml file: config\config.yaml loaded successfully]
[2025-01-06 08:54:54,401: INFO:common: yaml file: params.yaml loaded successfully]
[2025-01-06 08:54:54,403: INFO:common: yaml file: schema.yaml loaded successfully]
[2025-01-06 08:54:54,757: INFO:_client: HTTP Request: GET https://dagshub.com/api/v1/repos/Immortal-Pi/ML-project-with-MLFlow "HTTP/1.1 200 OK"]
[2025-01-06 08:54:54,762: INFO:helpers: Initialized MLflow to track repo "Immortal-Pi/ML-project-with-MLFlow"]
[2025-01-06 08:54:54,764: INFO:helpers: Repository Immortal-Pi/ML-project-with-MLFlow initialized!]
[2025-01-06 08:54:55,203: INFO:tpe: build_posterior_wrapper took 0.000000 seconds]
[2025-01-06 08:54:55,204: INFO:tpe: TPE using 0 trials]
[2025-01-06 08:54:55,880: INFO:tpe: build_posterior_wrapper took 0.000000 seconds]
[2025-01-06 08:54:55,881: INFO:tpe: TPE using 1/1 trials with best loss 0.718462]
[2025-01-06 08:54:56,579: INFO:tpe: build_posterior_wrapper took 0.000971 seconds]
[2025-01-06 08:54:56,579: INFO:tpe: TPE using 2/2 trials with best loss 0.718462]
[2025-01-06 08:54:59,467: INFO:tpe: build_posterior_wrapper took 0.001006 seconds]
[2025-01-06 08:54:59,467: INFO:tpe: TPE using 3/3 trials with best loss 0.718462]
[2025-01-06 08:55:04,335: INFO:tpe: build_posterior_wrapper took 0.000998 seconds]
[2025-01-06 08:55:04,336: INFO:tpe: TPE using 4/4 trials with best loss 0.718462]
[2025-01-06 08:55:09,359: INFO:tpe: build_posterior_wrapper took 0.000000 seconds]
[2025-01-06 08:55:09,360: INFO:tpe: TPE using 5/5 trials with best loss 0.718462]
[2025-01-06 08:55:14,360: INFO:tpe: build_posterior_wrapper took 0.000000 seconds]
[2025-01-06 08:55:14,361: INFO:tpe: TPE using 6/6 trials with best loss 0.718462]
[2025-01-06 08:55:19,343: INFO:tpe: build_posterior_wrapper took 0.000892 seconds]
[2025-01-06 08:55:19,344: INFO:tpe: TPE using 7/7 trials with best loss 0.716012]
[2025-01-06 08:55:24,355: INFO:tpe: build_posterior_wrapper took 0.001001 seconds]
[2025-01-06 08:55:24,355: INFO:tpe: TPE using 8/8 trials with best loss 0.716012]
[2025-01-06 08:55:30,116: INFO:tpe: build_posterior_wrapper took 0.001011 seconds]
[2025-01-06 08:55:30,117: INFO:tpe: TPE using 9/9 trials with best loss 0.709621]
[2025-01-06 08:57:50,763: INFO:common: yaml file: config\config.yaml loaded successfully]
[2025-01-06 08:57:50,765: INFO:common: yaml file: params.yaml loaded successfully]
[2025-01-06 08:57:50,768: INFO:common: yaml file: schema.yaml loaded successfully]
[2025-01-06 08:57:51,134: INFO:_client: HTTP Request: GET https://dagshub.com/api/v1/repos/Immortal-Pi/ML-project-with-MLFlow "HTTP/1.1 200 OK"]
[2025-01-06 08:57:51,137: INFO:helpers: Initialized MLflow to track repo "Immortal-Pi/ML-project-with-MLFlow"]
[2025-01-06 08:57:51,138: INFO:helpers: Repository Immortal-Pi/ML-project-with-MLFlow initialized!]
[2025-01-06 08:57:51,387: INFO:tpe: build_posterior_wrapper took 0.001002 seconds]
[2025-01-06 08:57:51,388: INFO:tpe: TPE using 0 trials]
[2025-01-06 08:57:52,156: INFO:tpe: build_posterior_wrapper took 0.000992 seconds]
[2025-01-06 08:57:52,157: INFO:tpe: TPE using 1/1 trials with best loss 0.682469]
[2025-01-06 08:57:53,250: INFO:tpe: build_posterior_wrapper took 0.000000 seconds]
[2025-01-06 08:57:53,251: INFO:tpe: TPE using 2/2 trials with best loss 0.682469]
[2025-01-06 08:57:55,548: INFO:tpe: build_posterior_wrapper took 0.000000 seconds]
[2025-01-06 08:57:55,548: INFO:tpe: TPE using 3/3 trials with best loss 0.682469]
[2025-01-06 08:58:00,532: INFO:tpe: build_posterior_wrapper took 0.000000 seconds]
[2025-01-06 08:58:00,533: INFO:tpe: TPE using 4/4 trials with best loss 0.682469]
[2025-01-06 08:58:05,517: INFO:tpe: build_posterior_wrapper took 0.000000 seconds]
[2025-01-06 08:58:05,518: INFO:tpe: TPE using 5/5 trials with best loss 0.682469]
[2025-01-06 08:58:10,527: INFO:tpe: build_posterior_wrapper took 0.000999 seconds]
[2025-01-06 08:58:10,528: INFO:tpe: TPE using 6/6 trials with best loss 0.682469]
[2025-01-06 08:58:15,553: INFO:tpe: build_posterior_wrapper took 0.000948 seconds]
[2025-01-06 08:58:15,554: INFO:tpe: TPE using 7/7 trials with best loss 0.680645]
[2025-01-06 08:58:20,518: INFO:tpe: build_posterior_wrapper took 0.000000 seconds]
[2025-01-06 08:58:20,519: INFO:tpe: TPE using 8/8 trials with best loss 0.680645]
[2025-01-06 08:58:25,519: INFO:tpe: build_posterior_wrapper took 0.000000 seconds]
[2025-01-06 08:58:25,520: INFO:tpe: TPE using 9/9 trials with best loss 0.680645]
[2025-01-06 09:08:03,075: INFO:common: yaml file: config\config.yaml loaded successfully]
[2025-01-06 09:08:03,077: INFO:common: yaml file: params.yaml loaded successfully]
[2025-01-06 09:08:03,080: INFO:common: yaml file: schema.yaml loaded successfully]
[2025-01-06 09:08:03,499: INFO:_client: HTTP Request: GET https://dagshub.com/api/v1/repos/Immortal-Pi/ML-project-with-MLFlow "HTTP/1.1 200 OK"]
[2025-01-06 09:08:03,502: INFO:helpers: Initialized MLflow to track repo "Immortal-Pi/ML-project-with-MLFlow"]
[2025-01-06 09:08:03,503: INFO:helpers: Repository Immortal-Pi/ML-project-with-MLFlow initialized!]
[2025-01-06 09:08:03,770: INFO:tpe: build_posterior_wrapper took 0.000921 seconds]
[2025-01-06 09:08:03,771: INFO:tpe: TPE using 0 trials]
[2025-01-06 09:08:04,512: INFO:tpe: build_posterior_wrapper took 0.000000 seconds]
[2025-01-06 09:08:04,515: INFO:tpe: TPE using 1/1 trials with best loss 0.809613]
[2025-01-06 09:08:05,236: INFO:tpe: build_posterior_wrapper took 0.000000 seconds]
[2025-01-06 09:08:05,237: INFO:tpe: TPE using 2/2 trials with best loss 0.798834]
[2025-01-06 09:08:07,908: INFO:tpe: build_posterior_wrapper took 0.001005 seconds]
[2025-01-06 09:08:07,910: INFO:tpe: TPE using 3/3 trials with best loss 0.696806]
[2025-01-06 09:08:13,162: INFO:tpe: build_posterior_wrapper took 0.000000 seconds]
[2025-01-06 09:08:13,163: INFO:tpe: TPE using 4/4 trials with best loss 0.696806]
[2025-01-06 09:08:17,943: INFO:tpe: build_posterior_wrapper took 0.000999 seconds]
[2025-01-06 09:08:17,943: INFO:tpe: TPE using 5/5 trials with best loss 0.696806]
[2025-01-06 09:08:22,904: INFO:tpe: build_posterior_wrapper took 0.001010 seconds]
[2025-01-06 09:08:22,906: INFO:tpe: TPE using 6/6 trials with best loss 0.696806]
[2025-01-06 09:08:27,906: INFO:tpe: build_posterior_wrapper took 0.000966 seconds]
[2025-01-06 09:08:27,907: INFO:tpe: TPE using 7/7 trials with best loss 0.696806]
[2025-01-06 09:08:32,932: INFO:tpe: build_posterior_wrapper took 0.001001 seconds]
[2025-01-06 09:08:32,933: INFO:tpe: TPE using 8/8 trials with best loss 0.696806]
[2025-01-06 09:08:37,951: INFO:tpe: build_posterior_wrapper took 0.000000 seconds]
[2025-01-06 09:08:37,952: INFO:tpe: TPE using 9/9 trials with best loss 0.696806]
[2025-01-06 09:26:21,825: INFO:common: yaml file: config\config.yaml loaded successfully]
[2025-01-06 09:26:21,827: INFO:common: yaml file: params.yaml loaded successfully]
[2025-01-06 09:26:21,831: INFO:common: yaml file: schema.yaml loaded successfully]
[2025-01-06 09:26:22,158: INFO:_client: HTTP Request: GET https://dagshub.com/api/v1/repos/Immortal-Pi/ML-project-with-MLFlow "HTTP/1.1 200 OK"]
[2025-01-06 09:26:22,162: INFO:helpers: Initialized MLflow to track repo "Immortal-Pi/ML-project-with-MLFlow"]
[2025-01-06 09:26:22,164: INFO:helpers: Repository Immortal-Pi/ML-project-with-MLFlow initialized!]
[2025-01-06 09:26:22,429: INFO:tpe: build_posterior_wrapper took 0.000000 seconds]
[2025-01-06 09:26:22,431: INFO:tpe: TPE using 0 trials]
[2025-01-06 09:26:23,107: INFO:tpe: build_posterior_wrapper took 0.000000 seconds]
[2025-01-06 09:26:23,108: INFO:tpe: TPE using 1/1 trials with best loss 0.772240]
[2025-01-06 09:26:23,764: INFO:tpe: build_posterior_wrapper took 0.000000 seconds]
[2025-01-06 09:26:23,765: INFO:tpe: TPE using 2/2 trials with best loss 0.762172]
[2025-01-06 09:26:26,562: INFO:tpe: build_posterior_wrapper took 0.000999 seconds]
[2025-01-06 09:26:26,562: INFO:tpe: TPE using 3/3 trials with best loss 0.708088]
[2025-01-06 09:26:31,572: INFO:tpe: build_posterior_wrapper took 0.000956 seconds]
[2025-01-06 09:26:31,573: INFO:tpe: TPE using 4/4 trials with best loss 0.708088]
[2025-01-06 09:26:36,577: INFO:tpe: build_posterior_wrapper took 0.001000 seconds]
[2025-01-06 09:26:36,578: INFO:tpe: TPE using 5/5 trials with best loss 0.708088]
[2025-01-06 09:26:41,558: INFO:tpe: build_posterior_wrapper took 0.000922 seconds]
[2025-01-06 09:26:41,559: INFO:tpe: TPE using 6/6 trials with best loss 0.708088]
[2025-01-06 09:26:46,544: INFO:tpe: build_posterior_wrapper took 0.001014 seconds]
[2025-01-06 09:26:46,545: INFO:tpe: TPE using 7/7 trials with best loss 0.708088]
[2025-01-06 09:26:51,571: INFO:tpe: build_posterior_wrapper took 0.000993 seconds]
[2025-01-06 09:26:51,572: INFO:tpe: TPE using 8/8 trials with best loss 0.708088]
[2025-01-06 09:26:56,545: INFO:tpe: build_posterior_wrapper took 0.000000 seconds]
[2025-01-06 09:26:56,547: INFO:tpe: TPE using 9/9 trials with best loss 0.708088]
